	j setup

-----
file:///Users/joan/Documents-Local/Relay/G6A-RISC/Program/divide.s

main:
	mov [a], r2
	mov [a+1], r3
	mov [b], r4
	mov [b+1], r5
	mov 0, r0
	mov 0, r1
	mov 4, r6
.LDivFirst:
	dsb r2, r4, r2
	dsc r3, r5, r3
	adt 1, r0
	bt .LDivFirst
	rr4 r4, r5, r4
	sr4 r5, r5
	b .LDivMore
.LDLoop:
	rl4 r1, r0, r1
	sl4 r0, r0
.LDivMinus:
	dsb r2, r4, r2
	dsc r3, r5, r3
	adt 1, r0
	bt .LDivMinus
	rl4 r3, r2, r3
	sl4 r2, r2
.LDivMore:
	rl4 r1, r0, r1
	sl4 r0, r0
	add 9, r0
.LDivPlus:
	dad r2, r4, r2
	dac r3, r5, r3
	sbf 1, r0
	bf .LDivPlus
	rl4 r3, r2, r3
	sl4 r2, r2
	sub 1, r6
	bf .LDLoop
	mov r0, [result]
	mov r1, [result+1]
	hlt
a:
	301989888
b:
	805306368
result:

-----
file:///Users/joan/Documents-Local/Relay/G6A-RISC/Program/floatdivide.s
ERROR: Duplicated global symbol "main", file:main.s line:8
