	j setup

-----
file:///Users/joan/Documents-Local/Relay/G6A-RISC/Program/floatdivide.s

divide:
	mov r6, [return]
	mov [dsp], r6
	mov [r6, 0], r4
	mov [r6, 1], r5
	sub 4, r6
	mov [r6, 0], r2
	mov [r6, 1], r3
	mov 0, r0
	mov 0, r1
	mov 4, r6
.LDivFirst:
	dsb r2, r4, r2
	dsc r3, r5, r3
	adt 1, r0
	bt .LDivFirst
	rr4 r4, r5, r4
	sr4 r5, r5
	b .LDivMore
.LDLoop:
	rl4 r1, r0, r1
	sl4 r0, r0
.LDivMinus:
	dsb r2, r4, r2
	dsc r3, r5, r3
	adt 1, r0
	bt .LDivMinus
	rl4 r3, r2, r3
	sl4 r2, r2
.LDivMore:
	rl4 r1, r0, r1
	sl4 r0, r0
	add 9, r0
.LDivPlus:
	dad r2, r4, r2
	dac r3, r5, r3
	sbf 1, r0
	bf .LDivPlus
	rl4 r3, r2, r3
	sl4 r2, r2
	sub 1, r6
	bf .LDLoop
	mov [dsp], r6
	mov [r6, 3], r5
	sub 4, r6
	mov [r6, 3], r4
	mov r0, [r6, 0]
	mov r1, [r6, 1]
	dsb r4, r5, r3
	and 15, r5
	dad r3, r5, r3
	add r3, r5, r3
	and 65521, r3
	mov r3, [r6, 3]
	mov r6, [dsp]
	mov [return], r7

main:
	mov [dsp], r4
	add 4, r4
	mov [a], r0
	mov r0, [r4, 0]
	mov [a+1], r0
	mov r0, [r4, 1]
	mov [a+2], r0
	mov r0, [r4, 2]
	mov [a+3], r0
	mov r0, [r4, 3]
	add 4, r4
	mov [b], r0
	mov r0, [r4, 0]
	mov [b+1], r0
	mov r0, [r4, 1]
	mov [b+2], r0
	mov r0, [r4, 2]
	mov [b+3], r0
	mov r0, [r4, 3]
	mov r4, [dsp]
	jl divide
	mov [dsp], r4
	mov [r4, 0], r0
	mov r0, [result]
	mov [r4, 1], r0
	mov r0, [result+1]
	mov [r4, 2], r0
	mov r0, [result+2]
	mov [r4, 3], r0
	mov r0, [result+3]
	hlt
dsp:
	dstack+-4
sp:
	pstack+512
a:
	407263538
	1048576
b:
	2022707764
	0
result:
return:
dstack:
pstack:


setup:
	mov setupAddr, r0
	mov 0, r4
	mov wordLength, r1
.LL0:
	cmp eq, r1, r4
	bt .LL1
	lp [r0], r3
	mov r3, [r4, dataAddr]
	add 1, r0
	add 1, r4
	b .LL0
.LL1:
	j main

Optimizing: setup, Value: 104, (no change) 
Optimizing: return, Value: 16,  
Optimizing: dsp, Value: 0,  
Optimizing: <immediate>, Value: 0, (no change) 
Optimizing: <immediate>, Value: 1, (no change) 
Optimizing: <immediate>, Value: 4, (no change) 
Optimizing: <immediate>, Value: 0, (no change) 
Optimizing: <immediate>, Value: 1, (no change) 
Optimizing: <immediate>, Value: 0, (no change) 
Optimizing: <immediate>, Value: 0, (no change) 
Optimizing: <immediate>, Value: 4, (no change) 
Optimizing: <immediate>, Value: 1, (no change) 
Optimizing: .LDivFirst, Value: -3, (no change) 
Optimizing: .LDivMore, Value: 9, (no change) 
Optimizing: <immediate>, Value: 1, (no change) 
Optimizing: .LDivMinus, Value: -3, (no change) 
Optimizing: <immediate>, Value: 9, (no change) 
Optimizing: <immediate>, Value: 1, (no change) 
Optimizing: .LDivPlus, Value: -3, (no change) 
Optimizing: <immediate>, Value: 1, (no change) 
Optimizing: .LDLoop, Value: -18, (no change) 
Optimizing: dsp, Value: 0,  
Optimizing: <immediate>, Value: 3, (no change) 
Optimizing: <immediate>, Value: 4, (no change) 
Optimizing: <immediate>, Value: 3, (no change) 
Optimizing: <immediate>, Value: 0, (no change) 
Optimizing: <immediate>, Value: 1, (no change) 
Optimizing: <immediate>, Value: 15, (no change) 
Optimizing: <immediate>, Value: 65521,  
Optimizing: <immediate>, Value: 3, (no change) 
Optimizing: dsp, Value: 0,  
Optimizing: return, Value: 16,  
Optimizing: dsp, Value: 0,  
Optimizing: <immediate>, Value: 4, (no change) 
Optimizing: a, Value: 4,  
Optimizing: <immediate>, Value: 0, (no change) 
Optimizing: a, Value: 5,  
Optimizing: <immediate>, Value: 1, (no change) 
Optimizing: a, Value: 6,  
Optimizing: <immediate>, Value: 2, (no change) 
Optimizing: a, Value: 7,  
Optimizing: <immediate>, Value: 3, (no change) 
Optimizing: <immediate>, Value: 4, (no change) 
Optimizing: b, Value: 8,  
Optimizing: <immediate>, Value: 0, (no change) 
Optimizing: b, Value: 9,  
Optimizing: <immediate>, Value: 1, (no change) 
Optimizing: b, Value: 10,  
Optimizing: <immediate>, Value: 2, (no change) 
Optimizing: b, Value: 11,  
Optimizing: <immediate>, Value: 3, (no change) 
Optimizing: dsp, Value: 0,  
Optimizing: divide, Value: 2,  
Optimizing: dsp, Value: 0,  
Optimizing: <immediate>, Value: 0, (no change) 
Optimizing: result, Value: 12,  
Optimizing: <immediate>, Value: 1, (no change) 
Optimizing: result, Value: 13,  
Optimizing: <immediate>, Value: 2, (no change) 
Optimizing: result, Value: 14,  
Optimizing: <immediate>, Value: 3, (no change) 
Optimizing: result, Value: 15,  
Optimizing: setupAddr, Value: 119, (no change) 
Optimizing: <immediate>, Value: 0, (no change) 
Optimizing: wordLength, Value: 12,  
Optimizing: .LL1, Value: 27, (no change) 
Optimizing: dataAddr, Value: 0,  
Optimizing: <immediate>, Value: 1, (no change) 
Optimizing: <immediate>, Value: 1, (no change) 
Optimizing: .LL0, Value: 13, (no change) 
Optimizing: main, Value: 57, (no change) 
Replacing: divide, Value: 2...New Value: 2
Replacing: .LDivFirst, Value: 14...New Value: 12
Replacing: .LDLoop, Value: 21...New Value: 19
Replacing: .LDivMinus, Value: 23...New Value: 21
Replacing: .LDivMore, Value: 29...New Value: 27
Replacing: .LDivPlus, Value: 32...New Value: 30
Replacing: main, Value: 57...New Value: 53
Replacing: setup, Value: 104...New Value: 84
Replacing: .LL0, Value: 109...New Value: 88
Replacing: .LL1, Value: 117...New Value: 95
Optimizing: setup, Value: 84, (no change) 
Optimizing: return, Value: 16, (no change) 
Optimizing: dsp, Value: 0, (no change) 
Optimizing: <immediate>, Value: 0, (no change) 
Optimizing: <immediate>, Value: 1, (no change) 
Optimizing: <immediate>, Value: 4, (no change) 
Optimizing: <immediate>, Value: 0, (no change) 
Optimizing: <immediate>, Value: 1, (no change) 
Optimizing: <immediate>, Value: 0, (no change) 
Optimizing: <immediate>, Value: 0, (no change) 
Optimizing: <immediate>, Value: 4, (no change) 
Optimizing: <immediate>, Value: 1, (no change) 
Optimizing: .LDivFirst, Value: -3, (no change) 
Optimizing: .LDivMore, Value: 9, (no change) 
Optimizing: <immediate>, Value: 1, (no change) 
Optimizing: .LDivMinus, Value: -3, (no change) 
Optimizing: <immediate>, Value: 9, (no change) 
Optimizing: <immediate>, Value: 1, (no change) 
Optimizing: .LDivPlus, Value: -3, (no change) 
Optimizing: <immediate>, Value: 1, (no change) 
Optimizing: .LDLoop, Value: -18, (no change) 
Optimizing: dsp, Value: 0, (no change) 
Optimizing: <immediate>, Value: 3, (no change) 
Optimizing: <immediate>, Value: 4, (no change) 
Optimizing: <immediate>, Value: 3, (no change) 
Optimizing: <immediate>, Value: 0, (no change) 
Optimizing: <immediate>, Value: 1, (no change) 
Optimizing: <immediate>, Value: 15, (no change) 
Optimizing: <immediate>, Value: 65521, (no change) 
Optimizing: <immediate>, Value: 3, (no change) 
Optimizing: dsp, Value: 0, (no change) 
Optimizing: return, Value: 16, (no change) 
Optimizing: dsp, Value: 0, (no change) 
Optimizing: <immediate>, Value: 4, (no change) 
Optimizing: a, Value: 4, (no change) 
Optimizing: <immediate>, Value: 0, (no change) 
Optimizing: a, Value: 5, (no change) 
Optimizing: <immediate>, Value: 1, (no change) 
Optimizing: a, Value: 6, (no change) 
Optimizing: <immediate>, Value: 2, (no change) 
Optimizing: a, Value: 7, (no change) 
Optimizing: <immediate>, Value: 3, (no change) 
Optimizing: <immediate>, Value: 4, (no change) 
Optimizing: b, Value: 8, (no change) 
Optimizing: <immediate>, Value: 0, (no change) 
Optimizing: b, Value: 9, (no change) 
Optimizing: <immediate>, Value: 1, (no change) 
Optimizing: b, Value: 10, (no change) 
Optimizing: <immediate>, Value: 2, (no change) 
Optimizing: b, Value: 11, (no change) 
Optimizing: <immediate>, Value: 3, (no change) 
Optimizing: dsp, Value: 0, (no change) 
Optimizing: divide, Value: 2, (no change) 
Optimizing: dsp, Value: 0, (no change) 
Optimizing: <immediate>, Value: 0, (no change) 
Optimizing: result, Value: 12, (no change) 
Optimizing: <immediate>, Value: 1, (no change) 
Optimizing: result, Value: 13, (no change) 
Optimizing: <immediate>, Value: 2, (no change) 
Optimizing: result, Value: 14, (no change) 
Optimizing: <immediate>, Value: 3, (no change) 
Optimizing: result, Value: 15, (no change) 
Optimizing: setupAddr, Value: 97, (no change) 
Optimizing: <immediate>, Value: 0, (no change) 
Optimizing: wordLength, Value: 12, (no change) 
Optimizing: .LL1, Value: 6, (no change) 
Optimizing: dataAddr, Value: 0, (no change) 
Optimizing: <immediate>, Value: 1, (no change) 
Optimizing: <immediate>, Value: 1, (no change) 
Optimizing: .LL0, Value: -6, (no change) 
Optimizing: main, Value: 53, (no change) 
-----
Upon machine reset this will be moved to data memory, see setup code below

Constant Data:
00000 : 0 bytes

Initialised Variables:
00000 : 0x10,0x00  dstack+-4  Data:16
00001 : 0x60,0x02  pstack+512  Data:608
00002 : 0x00,0x00  0  :0
00003 : 0x00,0x00  0  :0
00004 : 0x32,0x59,0x46,0x18  407263538  :407263538
00006 : 0x00,0x00,0x10,0x00  1048576  :1048576
00008 : 0x34,0x12,0x90,0x78  2022707764  :2022707764
00010 : 0x00,0x00,0x00,0x00  0  :0

Unitialised Variables:
00012 : 1192 bytes

-----
file:/Users/joan/Documents-Local/Relay/G6A-RISC/Program/floatdivide.g6a

Source: start
00000 : 0000000000000010 (0002) _pfix  Program:00084
00001 : 1101111100010100 (DF14) j setup  Program:00084

Source: main.s
00002 : 0101111000110000 (5E30) mov r6, [return]  Data:00016
00003 : 0101111000000000 (5E00) mov [dsp], r6  Data:00000
00004 : 0001110011000000 (1CC0) mov [r6, 0], r4
00005 : 0001110111000001 (1DC1) mov [r6, 1], r5
00006 : 1110011001000100 (E644) sub 4, r6
00007 : 0001101011000000 (1AC0) mov [r6, 0], r2
00008 : 0001101111000001 (1BC1) mov [r6, 1], r3
00009 : 1101100000000000 (D800) mov 0, r0
00010 : 1101100100000000 (D900) mov 0, r1
00011 : 1101111000000100 (DE04) mov 4, r6
00012 : 1011001001010100 (B254) dsb r2, r4, r2
00013 : 1011101101011101 (BB5D) dsc r3, r5, r3
00014 : 1110000010000001 (E081) adt 1, r0
00015 : 1110011111000011 (E7C3) bt .LDivFirst  Program:-3
00016 : 1000010011100101 (84E5) rr4 r4, r5, r4
00017 : 1000010110101000 (85A8) sr4 r5, r5
00018 : 1110011100001001 (E709) b .LDivMore  Program:+9
00019 : 1000100111001000 (89C8) rl4 r1, r0, r1
00020 : 1000100010000000 (8880) sl4 r0, r0
00021 : 1011001001010100 (B254) dsb r2, r4, r2
00022 : 1011101101011101 (BB5D) dsc r3, r5, r3
00023 : 1110000010000001 (E081) adt 1, r0
00024 : 1110011111000011 (E7C3) bt .LDivMinus  Program:-3
00025 : 1000101111011010 (8BDA) rl4 r3, r2, r3
00026 : 1000101010010000 (8A90) sl4 r2, r2
00027 : 1000100111001000 (89C8) rl4 r1, r0, r1
00028 : 1000100010000000 (8880) sl4 r0, r0
00029 : 1110000000001001 (E009) add 9, r0
00030 : 1011001000010100 (B214) dad r2, r4, r2
00031 : 1011101100011101 (BB1D) dac r3, r5, r3
00032 : 1110100011000001 (E8C1) sbf 1, r0
00033 : 1110111111000011 (EFC3) bf .LDivPlus  Program:-3
00034 : 1000101111011010 (8BDA) rl4 r3, r2, r3
00035 : 1000101010010000 (8A90) sl4 r2, r2
00036 : 1110011001000001 (E641) sub 1, r6
00037 : 1110111111010010 (EFD2) bf .LDLoop  Program:-18
00038 : 0101111000000000 (5E00) mov [dsp], r6  Data:00000
00039 : 0001110111000011 (1DC3) mov [r6, 3], r5
00040 : 1110011001000100 (E644) sub 4, r6
00041 : 0001110011000011 (1CC3) mov [r6, 3], r4
00042 : 0001100011100000 (18E0) mov r0, [r6, 0]
00043 : 0001100111100001 (19E1) mov r1, [r6, 1]
00044 : 1011001101100101 (B365) dsb r4, r5, r3
00045 : 1111110110001111 (FD8F) and 15, r5
00046 : 1011001100011101 (B31D) dad r3, r5, r3
00047 : 1010001100011101 (A31D) add r3, r5, r3
00048 : 0000011111111111 (07FF) _pfix
00049 : 1111101110010001 (FB91) and 65521, r3
00050 : 0001101111100011 (1BE3) mov r3, [r6, 3]
00051 : 0101111000100000 (5E20) mov r6, [dsp]  Data:00000
00052 : 0101111100010000 (5F10) mov [return], r7  Data:00016
00053 : 0101110000000000 (5C00) mov [dsp], r4  Data:00000
00054 : 1110010000000100 (E404) add 4, r4
00055 : 0101100000000100 (5804) mov [a], r0  Data:00004
00056 : 0001100001100000 (1860) mov r0, [r4, 0]
00057 : 0101100000000101 (5805) mov [a+1], r0  Data:00005
00058 : 0001100001100001 (1861) mov r0, [r4, 1]
00059 : 0101100000000110 (5806) mov [a+2], r0  Data:00006
00060 : 0001100001100010 (1862) mov r0, [r4, 2]
00061 : 0101100000000111 (5807) mov [a+3], r0  Data:00007
00062 : 0001100001100011 (1863) mov r0, [r4, 3]
00063 : 1110010000000100 (E404) add 4, r4
00064 : 0101100000001000 (5808) mov [b], r0  Data:00008
00065 : 0001100001100000 (1860) mov r0, [r4, 0]
00066 : 0101100000001001 (5809) mov [b+1], r0  Data:00009
00067 : 0001100001100001 (1861) mov r0, [r4, 1]
00068 : 0101100000001010 (580A) mov [b+2], r0  Data:00010
00069 : 0001100001100010 (1862) mov r0, [r4, 2]
00070 : 0101100000001011 (580B) mov [b+3], r0  Data:00011
00071 : 0001100001100011 (1863) mov r0, [r4, 3]
00072 : 0101110000100000 (5C20) mov r4, [dsp]  Data:00000
00073 : 1101111101000010 (DF42) jl divide  Program:00002
00074 : 0101110000000000 (5C00) mov [dsp], r4  Data:00000
00075 : 0001100001000000 (1840) mov [r4, 0], r0
00076 : 0101100000101100 (582C) mov r0, [result]  Data:00012
00077 : 0001100001000001 (1841) mov [r4, 1], r0
00078 : 0101100000101101 (582D) mov r0, [result+1]  Data:00013
00079 : 0001100001000010 (1842) mov [r4, 2], r0
00080 : 0101100000101110 (582E) mov r0, [result+2]  Data:00014
00081 : 0001100001000011 (1843) mov [r4, 3], r0
00082 : 0101100000101111 (582F) mov r0, [result+3]  Data:00015
00083 : 0000100000000000 (0800) hlt

Source: setup
00084 : 0000000000000011 (0003) _pfix  :00097
00085 : 1101100000000001 (D801) mov setupAddr, r0  :00097
00086 : 1101110000000000 (DC00) mov 0, r4
00087 : 1101100100001100 (D90C) mov wordLength, r1  :00012
00088 : 1001000000001100 (900C) cmp eq, r1, r4
00089 : 1110011110000110 (E786) bt .LL1  Program:+6
00090 : 0001101100000000 (1B00) lp [r0], r3
00091 : 0001101101100000 (1B60) mov r3, [r4, dataAddr]  :00000
00092 : 1110000000000001 (E001) add 1, r0
00093 : 1110010000000001 (E401) add 1, r4
00094 : 1110011101000110 (E746) b .LL0  Program:-6
00095 : 0000000000000001 (0001) _pfix  Program:00053
00096 : 1101111100010101 (DF15) j main  Program:00053

Source: setupData
00097 : 0000000000010000 (0010) _imm 16
00098 : 0000001001100000 (0260) _imm 608
00099 : 0000000000000000 (0000) _imm 0
00100 : 0000000000000000 (0000) _imm 0
00101 : 0101100100110010 (5932) _imm 22834
00102 : 0001100001000110 (1846) _imm 6214
00103 : 0000000000000000 (0000) _imm 0
00104 : 0000000000010000 (0010) _imm 16
00105 : 0001001000110100 (1234) _imm 4660
00106 : 0111100010010000 (7890) _imm 30864
00107 : 0000000000000000 (0000) _imm 0
00108 : 0000000000000000 (0000) _imm 0

Assembly completed
